{
  "RSpec": {
    "coverage": {
      "/Users/aaronwortham/Documents/Turing/dinner-dash/app/helpers/about_helper.rb": [
        1,
        null
      ],
      "/Users/aaronwortham/Documents/Turing/dinner-dash/app/helpers/admin/dashboard_helper.rb": [
        1,
        null
      ],
      "/Users/aaronwortham/Documents/Turing/dinner-dash/app/helpers/admin/order_items_helper.rb": [
        1,
        null
      ],
      "/Users/aaronwortham/Documents/Turing/dinner-dash/app/helpers/admin/orders_helper.rb": [
        1,
        null
      ],
      "/Users/aaronwortham/Documents/Turing/dinner-dash/app/helpers/application_helper.rb": [
        1,
        null
      ],
      "/Users/aaronwortham/Documents/Turing/dinner-dash/app/helpers/carts_helper.rb": [
        1,
        null
      ],
      "/Users/aaronwortham/Documents/Turing/dinner-dash/app/helpers/categories_helper.rb": [
        1,
        null
      ],
      "/Users/aaronwortham/Documents/Turing/dinner-dash/app/helpers/contact_us_helper.rb": [
        1,
        null
      ],
      "/Users/aaronwortham/Documents/Turing/dinner-dash/app/helpers/gift_cards_helper.rb": [
        1,
        null
      ],
      "/Users/aaronwortham/Documents/Turing/dinner-dash/app/helpers/home_helper.rb": [
        1,
        null
      ],
      "/Users/aaronwortham/Documents/Turing/dinner-dash/app/helpers/items_helper.rb": [
        1,
        null
      ],
      "/Users/aaronwortham/Documents/Turing/dinner-dash/app/helpers/orders_helper.rb": [
        1,
        null
      ],
      "/Users/aaronwortham/Documents/Turing/dinner-dash/app/helpers/sessions_helper.rb": [
        1,
        null
      ],
      "/Users/aaronwortham/Documents/Turing/dinner-dash/app/controllers/admin/orders_controller.rb": [
        1,
        1,
        17,
        17,
        2,
        null,
        15,
        null,
        17,
        null,
        null,
        1,
        0,
        null,
        null,
        1,
        1,
        1,
        1,
        null,
        null,
        1,
        1,
        1,
        null,
        null
      ],
      "/Users/aaronwortham/Documents/Turing/dinner-dash/app/controllers/admin/base_controller.rb": [
        1,
        1,
        null,
        1,
        19,
        1,
        null,
        null,
        null,
        null
      ],
      "/Users/aaronwortham/Documents/Turing/dinner-dash/app/controllers/application_controller.rb": [
        1,
        1,
        1,
        1,
        null,
        1,
        155,
        126,
        null,
        null,
        null,
        1,
        0,
        null,
        null,
        null
      ],
      "/Users/aaronwortham/Documents/Turing/dinner-dash/app/controllers/home_controller.rb": [
        1,
        1,
        null,
        null,
        1,
        null,
        null
      ],
      "/Users/aaronwortham/Documents/Turing/dinner-dash/app/models/user.rb": [
        1,
        1,
        1,
        1,
        null,
        null,
        1,
        1,
        1,
        null,
        null,
        null,
        null,
        null,
        1,
        null,
        1,
        44,
        null,
        null,
        null
      ],
      "/Users/aaronwortham/Documents/Turing/dinner-dash/app/models/ability.rb": [
        1,
        1,
        null,
        1,
        null,
        null,
        44,
        44,
        30,
        null,
        14,
        null,
        null,
        null,
        null,
        null,
        null,
        null,
        null,
        null,
        null,
        null,
        null,
        null,
        null,
        null,
        null,
        null,
        null,
        null,
        null,
        null
      ],
      "/Users/aaronwortham/Documents/Turing/dinner-dash/app/controllers/sessions_controller.rb": [
        1,
        null,
        1,
        null,
        null,
        null,
        1,
        13,
        13,
        13,
        null,
        13,
        13,
        null,
        0,
        0,
        0,
        null,
        null,
        null,
        1,
        0,
        0,
        null,
        null
      ],
      "/Users/aaronwortham/Documents/Turing/dinner-dash/app/models/order.rb": [
        1,
        1,
        1,
        1,
        1,
        1,
        null,
        18,
        18,
        18,
        18,
        null,
        1,
        17,
        null,
        null,
        1,
        0,
        0,
        null,
        null,
        1,
        0,
        null,
        null,
        1,
        0,
        null,
        null
      ]
    },
    "timestamp": 1413225581
  }
}
