{
  "RSpec": {
    "coverage": {
      "/Users/aaronwortham/Documents/Turing/dinner-dash/app/helpers/about_helper.rb": [
        1,
        null
      ],
      "/Users/aaronwortham/Documents/Turing/dinner-dash/app/helpers/admin/dashboard_helper.rb": [
        1,
        null
      ],
      "/Users/aaronwortham/Documents/Turing/dinner-dash/app/helpers/admin/order_items_helper.rb": [
        1,
        null
      ],
      "/Users/aaronwortham/Documents/Turing/dinner-dash/app/helpers/admin/orders_helper.rb": [
        1,
        null
      ],
      "/Users/aaronwortham/Documents/Turing/dinner-dash/app/helpers/application_helper.rb": [
        1,
        null
      ],
      "/Users/aaronwortham/Documents/Turing/dinner-dash/app/helpers/carts_helper.rb": [
        1,
        null
      ],
      "/Users/aaronwortham/Documents/Turing/dinner-dash/app/helpers/categories_helper.rb": [
        1,
        null
      ],
      "/Users/aaronwortham/Documents/Turing/dinner-dash/app/helpers/contact_us_helper.rb": [
        1,
        null
      ],
      "/Users/aaronwortham/Documents/Turing/dinner-dash/app/helpers/gift_cards_helper.rb": [
        1,
        null
      ],
      "/Users/aaronwortham/Documents/Turing/dinner-dash/app/helpers/home_helper.rb": [
        1,
        null
      ],
      "/Users/aaronwortham/Documents/Turing/dinner-dash/app/helpers/items_helper.rb": [
        1,
        null
      ],
      "/Users/aaronwortham/Documents/Turing/dinner-dash/app/helpers/orders_helper.rb": [
        1,
        null
      ],
      "/Users/aaronwortham/Documents/Turing/dinner-dash/app/helpers/sessions_helper.rb": [
        1,
        null
      ],
      "/Users/aaronwortham/Documents/Turing/dinner-dash/app/models/address.rb": [
        1,
        1,
        1,
        1,
        1,
        1,
        1,
        null,
        null,
        null,
        null
      ],
      "/Users/aaronwortham/Documents/Turing/dinner-dash/app/models/category.rb": [
        1,
        1,
        1,
        1,
        null,
        143,
        null
      ],
      "/Users/aaronwortham/Documents/Turing/dinner-dash/app/models/item.rb": [
        1,
        1,
        1,
        1,
        1,
        1,
        1,
        1,
        1,
        1,
        1,
        171,
        null,
        1,
        0,
        null,
        null,
        1,
        22,
        null,
        null
      ],
      "/Users/aaronwortham/Documents/Turing/dinner-dash/app/models/category_item.rb": [
        1,
        1,
        1,
        null
      ],
      "/Users/aaronwortham/Documents/Turing/dinner-dash/app/controllers/categories_controller.rb": [
        1,
        1,
        1,
        41,
        null,
        null
      ],
      "/Users/aaronwortham/Documents/Turing/dinner-dash/app/controllers/application_controller.rb": [
        1,
        1,
        1,
        1,
        null,
        1,
        517,
        396,
        null,
        null,
        null,
        1,
        84,
        null,
        null,
        null
      ],
      "/Users/aaronwortham/Documents/Turing/dinner-dash/app/models/user.rb": [
        1,
        1,
        1,
        1,
        null,
        null,
        1,
        1,
        1,
        null,
        null,
        null,
        null,
        null,
        1,
        null,
        1,
        154,
        null,
        null,
        null
      ],
      "/Users/aaronwortham/Documents/Turing/dinner-dash/app/models/ability.rb": [
        1,
        1,
        null,
        1,
        null,
        null,
        154,
        154,
        93,
        null,
        61,
        null,
        null,
        null,
        null,
        null,
        null,
        null,
        null,
        null,
        null,
        null,
        null,
        null,
        null,
        null,
        null,
        null,
        null,
        null,
        null,
        null
      ],
      "/Users/aaronwortham/Documents/Turing/dinner-dash/app/controllers/carts_controller.rb": [
        1,
        1,
        null,
        null,
        1,
        12,
        null,
        12,
        null,
        null,
        1,
        1,
        1,
        null,
        null,
        1,
        1,
        1,
        null,
        null
      ],
      "/Users/aaronwortham/Documents/Turing/dinner-dash/app/models/cart.rb": [
        1,
        1,
        38,
        null,
        null,
        1,
        12,
        null,
        null,
        1,
        1,
        null,
        null,
        1,
        1,
        null,
        null,
        1,
        40,
        null,
        null,
        1,
        6,
        null,
        null,
        1,
        56,
        null,
        null,
        1,
        6,
        null,
        null
      ],
      "/Users/aaronwortham/Documents/Turing/dinner-dash/app/controllers/sessions_controller.rb": [
        1,
        null,
        1,
        null,
        null,
        null,
        1,
        20,
        20,
        20,
        null,
        20,
        20,
        null,
        0,
        0,
        0,
        null,
        null,
        null,
        1,
        1,
        1,
        null,
        null
      ],
      "/Users/aaronwortham/Documents/Turing/dinner-dash/app/controllers/orders_controller.rb": [
        1,
        1,
        1,
        null,
        1,
        3,
        0,
        null,
        3,
        3,
        3,
        null,
        3,
        3,
        3,
        3,
        null,
        null,
        null,
        1,
        2,
        null,
        null,
        1,
        6,
        6,
        0,
        null,
        6,
        6,
        6,
        null,
        null,
        null,
        1,
        null,
        null,
        null,
        1,
        null,
        null,
        1,
        null,
        null,
        1,
        null,
        1,
        13,
        1,
        1,
        1,
        null,
        null,
        null,
        1,
        null,
        2,
        1,
        null,
        0,
        null,
        null,
        null
      ],
      "/Users/aaronwortham/Documents/Turing/dinner-dash/app/models/checkout.rb": [
        1,
        null,
        1,
        24,
        24,
        null,
        24,
        null,
        null,
        1,
        12,
        null,
        null,
        1,
        6,
        null,
        null,
        null
      ],
      "/Users/aaronwortham/Documents/Turing/dinner-dash/app/models/order.rb": [
        1,
        1,
        1,
        1,
        1,
        1,
        null,
        1,
        1,
        1,
        1,
        null,
        1,
        0,
        null,
        null,
        1,
        8,
        4,
        null,
        null,
        1,
        2,
        null,
        null,
        1,
        1,
        null,
        null,
        null
      ],
      "/Users/aaronwortham/Documents/Turing/dinner-dash/app/models/order_item.rb": [
        1,
        1,
        1,
        null,
        1,
        1,
        null,
        null,
        1,
        5,
        null,
        null,
        null
      ],
      "/Users/aaronwortham/Documents/Turing/dinner-dash/app/controllers/verifications_controller.rb": [
        1,
        1,
        null,
        null
      ],
      "/Users/aaronwortham/Documents/Turing/dinner-dash/app/controllers/addresses_controller.rb": [
        1,
        1,
        0,
        0,
        null,
        null,
        1,
        3,
        null,
        null,
        1,
        3,
        3,
        3,
        0,
        null,
        3,
        null,
        null,
        null,
        1,
        0,
        0,
        0,
        null,
        null,
        1,
        1,
        3,
        null,
        null
      ],
      "/Users/aaronwortham/Documents/Turing/dinner-dash/app/controllers/home_controller.rb": [
        1,
        1,
        null,
        null,
        1,
        null,
        null
      ],
      "/Users/aaronwortham/Documents/Turing/dinner-dash/app/controllers/users_controller.rb": [
        1,
        null,
        1,
        0,
        null,
        null,
        1,
        2,
        null,
        null,
        1,
        1,
        1,
        1,
        1,
        null,
        0,
        null,
        null,
        null,
        1,
        0,
        null,
        null,
        1,
        null,
        1,
        1,
        null,
        null
      ],
      "/Users/aaronwortham/Documents/Turing/dinner-dash/app/controllers/items_controller.rb": [
        1,
        null,
        1,
        null,
        null,
        null,
        1,
        0,
        null,
        null
      ],
      "/Users/aaronwortham/Documents/Turing/dinner-dash/app/controllers/admin/dashboard_controller.rb": [
        1,
        1,
        null,
        null
      ],
      "/Users/aaronwortham/Documents/Turing/dinner-dash/app/controllers/admin/base_controller.rb": [
        1,
        1,
        null,
        1,
        49,
        0,
        null,
        null,
        null,
        null
      ],
      "/Users/aaronwortham/Documents/Turing/dinner-dash/app/controllers/admin/items_controller.rb": [
        null,
        1,
        1,
        11,
        11,
        null,
        null,
        1,
        0,
        null,
        null,
        1,
        1,
        1,
        1,
        null,
        null,
        1,
        1,
        1,
        1,
        null,
        0,
        null,
        null,
        null,
        1,
        8,
        8,
        null,
        null,
        1,
        4,
        4,
        4,
        4,
        null,
        0,
        null,
        null,
        null,
        1,
        1,
        null,
        null,
        1,
        1,
        5,
        null,
        null
      ],
      "/Users/aaronwortham/Documents/Turing/dinner-dash/app/controllers/admin/categories_controller.rb": [
        1,
        1,
        8,
        null,
        null,
        1,
        1,
        1,
        1,
        null,
        null,
        1,
        1,
        1,
        1,
        null,
        0,
        null,
        null,
        null,
        null,
        1,
        2,
        null,
        null,
        1,
        0,
        null,
        null,
        1,
        2,
        2,
        2,
        null,
        0,
        null,
        null,
        null,
        1,
        2,
        null,
        null,
        1,
        1,
        3,
        null,
        null
      ]
    },
    "timestamp": 1413245778
  }
}
